<?xml version="1.0" encoding="UTF-8"?>
<!-- Generated by org.testng.reporters.JUnitReportReporter -->
<testsuite hostname="CBT-017" name="mypackage.Demo1" tests="1" failures="0" timestamp="6 Aug 2016 09:27:48 GMT" time="14.129" errors="0">
  <testcase name="testA" time="14.129" classname="mypackage.Demo1"/>
</testsuite> <!-- mypackage.Demo1 -->
